Start testing: Oct 31 14:55 EDT
----------------------------------------------------------
1/2 Testing: Printf.Test
1/2 Test: Printf.Test
Command: "/mnt/c/Users/nathan.jones2/Documents/libc-skeleton/build/printf_tests" "-s" "-r" "junit" "-o" "/mnt/c/Users/nathan.jones2/Documents/libc-skeleton/build/printf_tests.xml"
Directory: /mnt/c/Users/nathan.jones2/Documents/libc-skeleton/build
"Printf.Test" start time: Oct 31 14:55 EDT
Output:
----------------------------------------------------------
<end of output>
Test time =   0.29 sec
----------------------------------------------------------
Test Passed.
"Printf.Test" end time: Oct 31 14:55 EDT
"Printf.Test" time elapsed: 00:00:00
----------------------------------------------------------

2/2 Testing: Libc.Test
2/2 Test: Libc.Test
Command: "/mnt/c/Users/nathan.jones2/Documents/libc-skeleton/build/test/libc_tests"
Directory: /mnt/c/Users/nathan.jones2/Documents/libc-skeleton/build/test
"Libc.Test" start time: Oct 31 14:55 EDT
Output:
----------------------------------------------------------
<?xml version="1.0" encoding="UTF-8" ?>
<testsuites>
  <testsuite name="isalnum_tests" time="0.000" tests="2" failures="0" errors="0" skipped="0" >
    <testcase name="good_input" time="0.000" >
    </testcase>
    <testcase name="bad_input" time="0.000" >
    </testcase>
  </testsuite>
</testsuites>
<testsuites>
  <testsuite name="isalpha_tests" time="0.000" tests="2" failures="0" errors="0" skipped="0" >
    <testcase name="good_input" time="0.000" >
    </testcase>
    <testcase name="bad_input" time="0.000" >
    </testcase>
  </testsuite>
</testsuites>
<testsuites>
  <testsuite name="isascii_tests" time="0.000" tests="2" failures="0" errors="0" skipped="0" >
    <testcase name="good_input" time="0.000" >
    </testcase>
    <testcase name="bad_input" time="0.000" >
    </testcase>
  </testsuite>
</testsuites>
<testsuites>
  <testsuite name="isblank_tests" time="0.000" tests="2" failures="0" errors="0" skipped="0" >
    <testcase name="good_input" time="0.000" >
    </testcase>
    <testcase name="bad_input" time="0.000" >
    </testcase>
  </testsuite>
</testsuites>
<testsuites>
  <testsuite name="isdigit_tests" time="0.000" tests="2" failures="0" errors="0" skipped="0" >
    <testcase name="good_input" time="0.000" >
    </testcase>
    <testcase name="bad_input" time="0.000" >
    </testcase>
  </testsuite>
</testsuites>
<testsuites>
  <testsuite name="isgraph_tests" time="0.000" tests="2" failures="0" errors="0" skipped="0" >
    <testcase name="good_input" time="0.000" >
    </testcase>
    <testcase name="bad_input" time="0.000" >
    </testcase>
  </testsuite>
</testsuites>
<testsuites>
  <testsuite name="iscntrl_tests" time="0.000" tests="2" failures="0" errors="0" skipped="0" >
    <testcase name="good_input" time="0.000" >
    </testcase>
    <testcase name="bad_input" time="0.000" >
    </testcase>
  </testsuite>
</testsuites>
<testsuites>
  <testsuite name="islower_tests" time="0.000" tests="2" failures="0" errors="0" skipped="0" >
    <testcase name="good_input" time="0.000" >
    </testcase>
    <testcase name="bad_input" time="0.000" >
    </testcase>
  </testsuite>
</testsuites>
<testsuites>
  <testsuite name="ispunct_tests" time="0.000" tests="2" failures="0" errors="0" skipped="0" >
    <testcase name="good_input" time="0.000" >
    </testcase>
    <testcase name="bad_input" time="0.000" >
    </testcase>
  </testsuite>
</testsuites>
<testsuites>
  <testsuite name="isspace_tests" time="0.000" tests="2" failures="0" errors="0" skipped="0" >
    <testcase name="good_input" time="0.000" >
    </testcase>
    <testcase name="bad_input" time="0.000" >
    </testcase>
  </testsuite>
</testsuites>
<testsuites>
  <testsuite name="isupper_tests" time="0.000" tests="2" failures="0" errors="0" skipped="0" >
    <testcase name="good_input" time="0.000" >
    </testcase>
    <testcase name="bad_input" time="0.000" >
    </testcase>
  </testsuite>
</testsuites>
<testsuites>
  <testsuite name="isxdigit_tests" time="0.000" tests="2" failures="0" errors="0" skipped="0" >
    <testcase name="good_input" time="0.000" >
    </testcase>
    <testcase name="bad_input" time="0.000" >
    </testcase>
  </testsuite>
</testsuites>
<testsuites>
  <testsuite name="toascii_tests" time="0.000" tests="2" failures="0" errors="0" skipped="0" >
    <testcase name="good_input" time="0.000" >
    </testcase>
    <testcase name="bad_input" time="0.000" >
    </testcase>
  </testsuite>
</testsuites>
<testsuites>
  <testsuite name="tolower_tests" time="0.000" tests="2" failures="0" errors="0" skipped="0" >
    <testcase name="good_input" time="0.000" >
    </testcase>
    <testcase name="bad_input" time="0.000" >
    </testcase>
  </testsuite>
</testsuites>
<testsuites>
  <testsuite name="toupper_tests" time="0.000" tests="2" failures="0" errors="0" skipped="0" >
    <testcase name="good_input" time="0.000" >
    </testcase>
    <testcase name="bad_input" time="0.000" >
    </testcase>
  </testsuite>
</testsuites>
<testsuites>
  <testsuite name="isprint_tests" time="0.000" tests="2" failures="0" errors="0" skipped="0" >
    <testcase name="good_input" time="0.000" >
    </testcase>
    <testcase name="bad_input" time="0.000" >
    </testcase>
  </testsuite>
</testsuites>
<testsuites>
  <testsuite name="memcpy_tests" time="0.011" tests="1" failures="0" errors="0" skipped="0" >
    <testcase name="memcpy_aligned_test" time="0.011" >
    </testcase>
  </testsuite>
</testsuites>
<testsuites>
  <testsuite name="memset_tests" time="0.012" tests="2" failures="0" errors="0" skipped="0" >
    <testcase name="memset_aligned_test" time="0.012" >
    </testcase>
    <testcase name="check_input" time="0.000" >
    </testcase>
  </testsuite>
</testsuites>
<testsuites>
  <testsuite name="memmem_tests" time="0.000" tests="1" failures="0" errors="0" skipped="0" >
    <testcase name="check_input" time="0.000" >
    </testcase>
  </testsuite>
</testsuites>
<testsuites>
  <testsuite name="memmove_tests" time="0.000" tests="1" failures="0" errors="0" skipped="0" >
    <testcase name="memmove_test" time="0.000" >
    </testcase>
  </testsuite>
</testsuites>
<testsuites>
  <testsuite name="memcmp_tests" time="0.000" tests="1" failures="0" errors="0" skipped="0" >
    <testcase name="memcmp_test" time="0.000" >
    </testcase>
  </testsuite>
</testsuites>
<testsuites>
  <testsuite name="strcmp_tests" time="0.000" tests="1" failures="0" errors="0" skipped="0" >
    <testcase name="strcmp_test" time="0.000" >
    </testcase>
  </testsuite>
</testsuites>
<testsuites>
  <testsuite name="strcpy_tests" time="0.000" tests="1" failures="0" errors="0" skipped="0" >
    <testcase name="strcpy_test" time="0.000" >
    </testcase>
  </testsuite>
</testsuites>
<testsuites>
  <testsuite name="strdup_tests" time="0.000" tests="1" failures="0" errors="0" skipped="0" >
    <testcase name="strdup_test" time="0.000" >
    </testcase>
  </testsuite>
</testsuites>
<testsuites>
  <testsuite name="strlen_tests" time="0.000" tests="1" failures="0" errors="0" skipped="0" >
    <testcase name="strlen_test" time="0.000" >
    </testcase>
  </testsuite>
</testsuites>
<testsuites>
  <testsuite name="strncmp_tests" time="0.000" tests="1" failures="0" errors="0" skipped="0" >
    <testcase name="strncmp_test" time="0.000" >
    </testcase>
  </testsuite>
</testsuites>
<testsuites>
  <testsuite name="strncpy_tests" time="0.000" tests="1" failures="0" errors="0" skipped="0" >
    <testcase name="strncpy_test" time="0.000" >
    </testcase>
  </testsuite>
</testsuites>
<testsuites>
  <testsuite name="strndup_tests" time="0.000" tests="1" failures="0" errors="0" skipped="0" >
    <testcase name="strndup_test" time="0.000" >
    </testcase>
  </testsuite>
</testsuites>
<testsuites>
  <testsuite name="strnlen_tests" time="0.000" tests="1" failures="0" errors="0" skipped="0" >
    <testcase name="strnlen_test" time="0.000" >
    </testcase>
  </testsuite>
</testsuites>
<testsuites>
  <testsuite name="strnstr_tests" time="0.000" tests="2" failures="0" errors="0" skipped="0" >
    <testcase name="strnstr_test" time="0.000" >
    </testcase>
    <testcase name="strnstr_test_null" time="0.000" >
    </testcase>
  </testsuite>
</testsuites>
<testsuites>
  <testsuite name="strstr_tests" time="0.000" tests="1" failures="0" errors="0" skipped="0" >
    <testcase name="strstr_test" time="0.000" >
    </testcase>
  </testsuite>
</testsuites>
<testsuites>
  <testsuite name="strchr_tests" time="0.000" tests="1" failures="0" errors="0" skipped="0" >
    <testcase name="strchr_test" time="0.000" >
    </testcase>
  </testsuite>
</testsuites>
<testsuites>
  <testsuite name="strrchr_tests" time="0.000" tests="1" failures="0" errors="0" skipped="0" >
    <testcase name="strrchr_test" time="0.000" >
    </testcase>
  </testsuite>
</testsuites>
<testsuites>
  <testsuite name="strcat_tests" time="0.000" tests="1" failures="0" errors="0" skipped="0" >
    <testcase name="strcat_test" time="0.000" >
    </testcase>
  </testsuite>
</testsuites>
<testsuites>
  <testsuite name="strncat_tests" time="0.000" tests="1" failures="0" errors="0" skipped="0" >
    <testcase name="strncat_test" time="0.000" >
    </testcase>
  </testsuite>
</testsuites>
<testsuites>
  <testsuite name="strtok_tests" time="0.000" tests="1" failures="0" errors="0" skipped="0" >
    <testcase name="strtok_test" time="0.000" >
    </testcase>
  </testsuite>
</testsuites>
<testsuites>
  <testsuite name="abs_tests" time="0.000" tests="1" failures="0" errors="0" skipped="0" >
    <testcase name="abs_test" time="0.000" >
    </testcase>
  </testsuite>
</testsuites>
<testsuites>
  <testsuite name="atof_tests" time="0.000" tests="1" failures="0" errors="0" skipped="0" >
    <testcase name="atof_test" time="0.000" >
    </testcase>
  </testsuite>
</testsuites>
<testsuites>
  <testsuite name="atoi_tests" time="0.000" tests="1" failures="0" errors="0" skipped="0" >
    <testcase name="atoi_test" time="0.000" >
    </testcase>
  </testsuite>
</testsuites>
<testsuites>
  <testsuite name="atol_tests" time="0.000" tests="1" failures="0" errors="0" skipped="0" >
    <testcase name="atol_test" time="0.000" >
    </testcase>
  </testsuite>
</testsuites>
<testsuites>
  <testsuite name="atoll_tests" time="0.000" tests="1" failures="0" errors="0" skipped="0" >
    <testcase name="atoll_test" time="0.000" >
    </testcase>
  </testsuite>
</testsuites>
<testsuites>
  <testsuite name="bsearch_tests" time="0.000" tests="1" failures="0" errors="0" skipped="0" >
    <testcase name="bsearch_test" time="0.000" >
    </testcase>
  </testsuite>
</testsuites>
<testsuites>
  <testsuite name="calloc_tests" time="0.000" tests="1" failures="0" errors="0" skipped="0" >
    <testcase name="calloc_test" time="0.000" >
    </testcase>
  </testsuite>
</testsuites>
<testsuites>
  <testsuite name="div_tests" time="0.000" tests="1" failures="0" errors="0" skipped="0" >
    <testcase name="div_test" time="0.000" >
    </testcase>
  </testsuite>
</testsuites>
<testsuites>
  <testsuite name="heapsort_tests" time="0.001" tests="4" failures="0" errors="0" skipped="0" >
    <testcase name="heapsort_string_test" time="0.000" >
    </testcase>
    <testcase name="heapsort_char_test" time="0.000" >
    </testcase>
    <testcase name="heapsort_int_test" time="0.000" >
    </testcase>
    <testcase name="heapsort_uint64_test" time="0.001" >
    </testcase>
  </testsuite>
</testsuites>
<testsuites>
  <testsuite name="imaxabs_tests" time="0.000" tests="1" failures="0" errors="0" skipped="0" >
    <testcase name="imaxabs_test" time="0.000" >
    </testcase>
  </testsuite>
</testsuites>
<testsuites>
  <testsuite name="imaxdiv_tests" time="0.000" tests="1" failures="0" errors="0" skipped="0" >
    <testcase name="imaxdiv_test" time="0.000" >
    </testcase>
  </testsuite>
</testsuites>
<testsuites>
  <testsuite name="labs_tests" time="0.000" tests="1" failures="0" errors="0" skipped="0" >
    <testcase name="labs_test" time="0.000" >
    </testcase>
  </testsuite>
</testsuites>
<testsuites>
  <testsuite name="ldiv_tests" time="0.000" tests="1" failures="0" errors="0" skipped="0" >
    <testcase name="ldiv_test" time="0.000" >
    </testcase>
  </testsuite>
</testsuites>
<testsuites>
  <testsuite name="llabs_tests" time="0.000" tests="1" failures="0" errors="0" skipped="0" >
    <testcase name="llabs_test" time="0.000" >
    </testcase>
  </testsuite>
</testsuites>
<testsuites>
  <testsuite name="lldiv_tests" time="0.000" tests="1" failures="0" errors="0" skipped="0" >
    <testcase name="lldiv_test" time="0.000" >
    </testcase>
  </testsuite>
</testsuites>
<testsuites>
  <testsuite name="qsort_r_tests" time="0.000" tests="4" failures="0" errors="0" skipped="0" >
    <testcase name="qsort_r_string_test" time="0.000" >
    </testcase>
    <testcase name="qsort_r_char_test" time="0.000" >
    </testcase>
    <testcase name="qsort_r_int_test" time="0.000" >
    </testcase>
    <testcase name="qsort_r_uint64_test" time="0.000" >
    </testcase>
  </testsuite>
</testsuites>
<testsuites>
  <testsuite name="qsort_tests" time="0.000" tests="4" failures="0" errors="0" skipped="0" >
    <testcase name="qsort_string_test" time="0.000" >
    </testcase>
    <testcase name="qsort_char_test" time="0.000" >
    </testcase>
    <testcase name="qsort_int_test" time="0.000" >
    </testcase>
    <testcase name="qsort_uint64_test" time="0.000" >
    </testcase>
  </testsuite>
</testsuites>
<testsuites>
  <testsuite name="rand_tests" time="0.000" tests="1" failures="0" errors="0" skipped="0" >
    <testcase name="rand_test" time="0.000" >
    </testcase>
  </testsuite>
</testsuites>
<testsuites>
  <testsuite name="realloc_tests" time="0.000" tests="1" failures="0" errors="0" skipped="0" >
    <testcase name="realloc_test" time="0.000" >
    </testcase>
  </testsuite>
</testsuites>
<testsuites>
  <testsuite name="strtod_tests" time="0.000" tests="1" failures="0" errors="0" skipped="0" >
    <testcase name="strtod_test" time="0.000" >
    </testcase>
  </testsuite>
</testsuites>
<testsuites>
  <testsuite name="strtof_tests" time="0.000" tests="1" failures="0" errors="0" skipped="0" >
    <testcase name="strtof_test" time="0.000" >
    </testcase>
  </testsuite>
</testsuites>
<testsuites>
  <testsuite name="strtol_tests" time="0.000" tests="1" failures="0" errors="0" skipped="0" >
    <testcase name="strtol_test" time="0.000" >
    </testcase>
  </testsuite>
</testsuites>
<testsuites>
  <testsuite name="strtoll_tests" time="0.000" tests="1" failures="0" errors="0" skipped="0" >
    <testcase name="strtoll_test" time="0.000" >
    </testcase>
  </testsuite>
</testsuites>
<testsuites>
  <testsuite name="strtoul_tests" time="0.000" tests="1" failures="0" errors="0" skipped="0" >
    <testcase name="strtoul_test" time="0.000" >
    </testcase>
  </testsuite>
</testsuites>
<testsuites>
  <testsuite name="strtoull_tests" time="0.000" tests="1" failures="0" errors="0" skipped="0" >
    <testcase name="strtoull_test" time="0.000" >
    </testcase>
  </testsuite>
</testsuites>
<end of output>
Test time =   0.14 sec
----------------------------------------------------------
Test Passed.
"Libc.Test" end time: Oct 31 14:55 EDT
"Libc.Test" time elapsed: 00:00:00
----------------------------------------------------------

End testing: Oct 31 14:55 EDT
